<?xml version="1.0" encoding="utf-8"?><testsuites><testsuite name="pytest" errors="0" failures="0" skipped="0" tests="4" time="48.832" timestamp="2024-08-22T18:48:47.193842-03:00" hostname="LAPTOP-867DJJGR"><testcase classname="tests.model.test_model.TestModel" name="test_model_fit" time="18.667" /><testcase classname="tests.model.test_model.TestModel" name="test_model_predict" time="0.649" /><testcase classname="tests.model.test_model.TestModel" name="test_model_preprocess_for_serving" time="0.536" /><testcase classname="tests.model.test_model.TestModel" name="test_model_preprocess_for_training" time="25.028" /></testsuite></testsuites>