<?xml version="1.0" encoding="utf-8"?><testsuites><testsuite name="pytest" errors="0" failures="0" skipped="0" tests="4" time="3.432" timestamp="2024-08-22T23:37:04.567869-03:00" hostname="LAPTOP-867DJJGR"><testcase classname="tests.api.test_api.TestBatchPipeline" name="test_should_failed_unkown_column_1" time="0.019" /><testcase classname="tests.api.test_api.TestBatchPipeline" name="test_should_failed_unkown_column_2" time="0.005" /><testcase classname="tests.api.test_api.TestBatchPipeline" name="test_should_failed_unkown_column_3" time="0.004" /><testcase classname="tests.api.test_api.TestBatchPipeline" name="test_should_get_predict" time="0.011" /></testsuite></testsuites>