<?xml version="1.0" encoding="utf-8"?><testsuites><testsuite name="pytest" errors="0" failures="0" skipped="0" tests="4" time="16.585" timestamp="2024-08-22T23:31:53.330312-03:00" hostname="LAPTOP-867DJJGR"><testcase classname="tests.model.test_model.TestModel" name="test_model_fit" time="5.771" /><testcase classname="tests.model.test_model.TestModel" name="test_model_predict" time="0.169" /><testcase classname="tests.model.test_model.TestModel" name="test_model_preprocess_for_serving" time="0.144" /><testcase classname="tests.model.test_model.TestModel" name="test_model_preprocess_for_training" time="5.974" /></testsuite></testsuites>